c:\program_docs\mariorpg-opengl\mariorpg\pf poo\debug\vc143.pdb
c:\program_docs\mariorpg-opengl\mariorpg\pf poo\debug\vc143.idb
c:\program_docs\mariorpg-opengl\mariorpg\pf poo\debug\openmove.obj
c:\program_docs\mariorpg-opengl\mariorpg\pf poo\debug\model.obj
c:\program_docs\mariorpg-opengl\mariorpg\pf poo\debug\main.obj
c:\program_docs\mariorpg-opengl\mariorpg\pf poo\debug\glm.obj
c:\program_docs\mariorpg-opengl\mariorpg\pf poo\debug\bmploader.obj
c:\program_docs\mariorpg-opengl\mariorpg\pf poo\debug\animations.obj
c:\program_docs\mariorpg-opengl\mariorpg\debug\pf poo.exe
c:\program_docs\mariorpg-opengl\mariorpg\pf poo\debug\pf poo.ilk
c:\program_docs\mariorpg-opengl\mariorpg\debug\pf poo.pdb
c:\program_docs\mariorpg-opengl\mariorpg\pf poo\debug\animation.obj
c:\program_docs\mariorpg-opengl\mariorpg\pf poo\debug\decoration.obj
c:\program_docs\mariorpg-opengl\mariorpg\pf poo\debug\main.obj.enc
c:\program_docs\mariorpg-opengl\mariorpg\pf poo\debug\vc120.idb
c:\program_docs\mariorpg-opengl\mariorpg\pf poo\debug\vc140.idb
c:\program_docs\mariorpg-opengl\mariorpg\pf poo\debug\vc120.pdb
c:\program_docs\mariorpg-opengl\mariorpg\pf poo\debug\vc140.pdb
c:\program_docs\mariorpg-opengl\mariorpg\debug\pf poo.ilk
c:\program_docs\mariorpg-opengl\mariorpg\pf poo\debug\pf poo.tlog\cl.command.1.tlog
c:\program_docs\mariorpg-opengl\mariorpg\pf poo\debug\pf poo.tlog\cl.read.1.tlog
c:\program_docs\mariorpg-opengl\mariorpg\pf poo\debug\pf poo.tlog\cl.write.1.tlog
c:\program_docs\mariorpg-opengl\mariorpg\pf poo\debug\pf poo.tlog\link.command.1.tlog
c:\program_docs\mariorpg-opengl\mariorpg\pf poo\debug\pf poo.tlog\link.read.1.tlog
c:\program_docs\mariorpg-opengl\mariorpg\pf poo\debug\pf poo.tlog\link.write.1.tlog
