C:\Program Files\Microsoft Visual Studio\2022\Community\MSBuild\Microsoft\VC\v170\Microsoft.CppBuild.targets(514,5): warning MSB8028: El directorio intermedio (Debug\) contiene archivos compartidos de otro proyecto (ProyectoBase.vcxproj). Esto puede dar lugar a un comportamiento incorrecto de limpieza y recompilación.
  Main.cpp
C:\Program_Docs\MarioRPG-OpenGL\MARIORPG\PF POO\VectorRR.h(46,16): warning C4244: 'inicializando': conversión de 'double' a 'float'; posible pérdida de datos
C:\Program_Docs\MarioRPG-OpenGL\MARIORPG\PF POO\VectorRR.h(52,22): warning C4244: '=': conversión de 'double' a 'float'; posible pérdida de datos
C:\Program_Docs\MarioRPG-OpenGL\MARIORPG\PF POO\VectorRR.h(54,19): warning C4244: '=': conversión de 'double' a 'float'; posible pérdida de datos
C:\Program_Docs\MarioRPG-OpenGL\MARIORPG\PF POO\VectorRR.h(55,22): warning C4244: '=': conversión de 'double' a 'float'; posible pérdida de datos
C:\Program_Docs\MarioRPG-OpenGL\MARIORPG\PF POO\VectorRR.h(60,22): warning C4244: '=': conversión de 'double' a 'float'; posible pérdida de datos
C:\Program_Docs\MarioRPG-OpenGL\MARIORPG\PF POO\VectorRR.h(62,19): warning C4244: '=': conversión de 'double' a 'float'; posible pérdida de datos
C:\Program_Docs\MarioRPG-OpenGL\MARIORPG\PF POO\VectorRR.h(63,22): warning C4244: '=': conversión de 'double' a 'float'; posible pérdida de datos
C:\Program_Docs\MarioRPG-OpenGL\MARIORPG\PF POO\VectorRR.h(68,22): warning C4244: '=': conversión de 'double' a 'float'; posible pérdida de datos
C:\Program_Docs\MarioRPG-OpenGL\MARIORPG\PF POO\VectorRR.h(70,19): warning C4244: '=': conversión de 'double' a 'float'; posible pérdida de datos
C:\Program_Docs\MarioRPG-OpenGL\MARIORPG\PF POO\VectorRR.h(71,22): warning C4244: '=': conversión de 'double' a 'float'; posible pérdida de datos
C:\Program_Docs\MarioRPG-OpenGL\MARIORPG\PF POO\VectorRR.h(155,18): warning C4244: 'inicializando': conversión de 'double' a 'float'; posible pérdida de datos
C:\Program_Docs\MarioRPG-OpenGL\MARIORPG\PF POO\VectorRR.h(164,18): warning C4244: 'inicializando': conversión de 'double' a 'float'; posible pérdida de datos
C:\Program_Docs\MarioRPG-OpenGL\MARIORPG\PF POO\Geometrias.h(41,122): warning C4244: '=': conversión de 'double' a 'float'; posible pérdida de datos
C:\Program_Docs\MarioRPG-OpenGL\MARIORPG\PF POO\Geometrias.h(43,39): warning C4244: '=': conversión de 'double' a 'float'; posible pérdida de datos
C:\Program_Docs\MarioRPG-OpenGL\MARIORPG\PF POO\Geometrias.h(44,122): warning C4244: '=': conversión de 'double' a 'float'; posible pérdida de datos
C:\Program_Docs\MarioRPG-OpenGL\MARIORPG\PF POO\Geometrias.h(55,117): warning C4244: '=': conversión de 'double' a 'float'; posible pérdida de datos
C:\Program_Docs\MarioRPG-OpenGL\MARIORPG\PF POO\Geometrias.h(57,38): warning C4244: '=': conversión de 'double' a 'float'; posible pérdida de datos
C:\Program_Docs\MarioRPG-OpenGL\MARIORPG\PF POO\Geometrias.h(58,117): warning C4244: '=': conversión de 'double' a 'float'; posible pérdida de datos
C:\Program_Docs\MarioRPG-OpenGL\MARIORPG\PF POO\Geometrias.h(206,55): warning C4244: '=': conversión de 'double' a 'float'; posible pérdida de datos
C:\Program_Docs\MarioRPG-OpenGL\MARIORPG\PF POO\Geometrias.h(207,74): warning C4244: '=': conversión de 'double' a 'float'; posible pérdida de datos
C:\Program_Docs\MarioRPG-OpenGL\MARIORPG\PF POO\Geometrias.h(208,55): warning C4244: '=': conversión de 'double' a 'float'; posible pérdida de datos
C:\Program_Docs\MarioRPG-OpenGL\MARIORPG\PF POO\Geometrias.h(306,55): warning C4244: '=': conversión de 'double' a 'float'; posible pérdida de datos
C:\Program_Docs\MarioRPG-OpenGL\MARIORPG\PF POO\Geometrias.h(307,74): warning C4244: '=': conversión de 'double' a 'float'; posible pérdida de datos
C:\Program_Docs\MarioRPG-OpenGL\MARIORPG\PF POO\Geometrias.h(308,55): warning C4244: '=': conversión de 'double' a 'float'; posible pérdida de datos
C:\Program_Docs\MarioRPG-OpenGL\MARIORPG\PF POO\Geometrias.h(318,53): warning C4244: 'argumento': conversión de 'double' a 'float'; posible pérdida de datos
C:\Program_Docs\MarioRPG-OpenGL\MARIORPG\PF POO\Geometrias.h(319,53): warning C4244: 'argumento': conversión de 'double' a 'float'; posible pérdida de datos
C:\Program_Docs\MarioRPG-OpenGL\MARIORPG\PF POO\Geometrias.h(320,53): warning C4244: 'argumento': conversión de 'double' a 'float'; posible pérdida de datos
C:\Program_Docs\MarioRPG-OpenGL\MARIORPG\PF POO\Imagenes.h(61,26): warning C4101: 'e': variable local sin referencia
C:\Program_Docs\MarioRPG-OpenGL\MARIORPG\PF POO\Imagenes.h(80,28): warning C4101: 'e': variable local sin referencia
C:\Program_Docs\MarioRPG-OpenGL\MARIORPG\PF POO\Scene.h(55,1): warning C4305: 'inicializando': truncamiento de 'double' a 'GLfloat'
  PF POO.vcxproj -> C:\Program_Docs\MarioRPG-OpenGL\MARIORPG\Debug\PF POO.exe
